<?xml version="1.0" encoding="UTF-8"?>
<!-- Generated by org.testng.reporters.JUnitXMLReporter -->
<testsuite hostname="Megha" name="LEEDONLINE" tests="3" failures="0" timestamp="1 Oct 2018 21:06:17 GMT" time="47.158" errors="0">
  <testcase name="Post_Api_authenticate" time="3.094" classname="com.lo.Testcases.Post_Api_authenticateTest"/>
  <testcase name="Get_LEED_getCredits" time="1.036" classname="com.lo.Testcases.Get_LEED_getCreditsTest"/>
  <testcase name="Get_LEED_creditsCredit" time="2.892" classname="com.lo.Testcases.EB_SS109_RainwaterManagementTest"/>
</testsuite> <!-- LEEDONLINE -->
